<?xml version="1.0" encoding="UTF-8"?>
<!-- Generated by org.testng.reporters.JUnitXMLReporter -->
<testsuite ignored="0" hostname="DESKTOP-3G4CHJS" failures="0" tests="4" name="Test" time="4.169" errors="0" timestamp="2025-07-16T15:40:24 IST">
  <testcase classname="day8.task.CreateUser" name="test_createUser" time="3.695"/>
  <testcase classname="day8.task.GetUser" name="test_getUser" time="0.167"/>
  <testcase classname="day8.task.UpdateUser" name="test_updateUser" time="0.155"/>
  <testcase classname="day8.task.DeleteUser" name="test_deleteUser" time="0.04"/>
</testsuite> <!-- Test -->
